<?xml version="1.0" encoding="UTF-8"?>
<!-- Generated by org.testng.reporters.JUnitXMLReporter -->
<testsuite hostname="DESKTOP-PPOL0UJ" ignored="0" name="smokeTest" tests="2" failures="1" timestamp="20 Jul 2022 19:09:19 GMT" time="13.6" errors="0">
  <testcase name="login" time="4.712" classname="test.TC_001"/>
  <testcase name="signup" time="0.598" classname="test.TC002_Signup">
    <failure type="org.testng.internal.reflect.MethodMatcherException" message="
Data provider mismatch
Method: signup([Parameter{index=0, type=java.lang.String, declaredAnnotations=[]}, Parameter{index=1, type=java.lang.String, declaredAnnotations=[]}, Parameter{index=2, type=java.lang.String, declaredAnnotations=[]}])
Arguments: [(java.lang.String) aaa,(java.lang.String) bbb,(java.lang.String) aaa@gmail.com,(java.lang.String) 123456.0]">
      <![CDATA[org.testng.internal.reflect.MethodMatcherException: 
Data provider mismatch
Method: signup([Parameter{index=0, type=java.lang.String, declaredAnnotations=[]}, Parameter{index=1, type=java.lang.String, declaredAnnotations=[]}, Parameter{index=2, type=java.lang.String, declaredAnnotations=[]}])
Arguments: [(java.lang.String) aaa,(java.lang.String) bbb,(java.lang.String) aaa@gmail.com,(java.lang.String) 123456.0]
... Removed 20 stack frames]]>
    </failure>
  </testcase> <!-- signup -->
</testsuite> <!-- smokeTest -->
