<?xml version="1.0" encoding="UTF-8"?>
<!-- Generated by org.testng.reporters.JUnitXMLReporter -->
<testsuite hostname="DESKTOP-PPOL0UJ" ignored="1" name="Test" tests="1" failures="1" timestamp="20 Jul 2022 16:22:27 GMT" time="0.042" errors="0">
  <testcase name="login" time="0.018" classname="test.TC_001">
    <failure type="java.lang.NullPointerException">
      <![CDATA[java.lang.NullPointerException
at test.TC_001.login(TC_001.java:21)
... Removed 25 stack frames]]>
    </failure>
  </testcase> <!-- login -->
  <testcase name="signup" time="0.0" classname="test.TC002_Signup">
    <ignored/>
  </testcase> <!-- signup -->
</testsuite> <!-- Test -->
